[debug] [2023-12-12T19:30:35.147Z] ----------------------------------------------------------------------
[debug] [2023-12-12T19:30:35.149Z] Command:       C:\Program Files\nodejs\node.exe C:\Users\thiag\AppData\Roaming\npm\node_modules\firebase-tools\lib\bin\firebase.js init
[debug] [2023-12-12T19:30:35.150Z] CLI Version:   13.0.1
[debug] [2023-12-12T19:30:35.150Z] Platform:      win32
[debug] [2023-12-12T19:30:35.150Z] Node Version:  v18.14.2
[debug] [2023-12-12T19:30:35.151Z] Time:          Tue Dec 12 2023 16:30:35 GMT-0300 (hora estándar de Argentina)
[debug] [2023-12-12T19:30:35.151Z] ----------------------------------------------------------------------
[debug] 
[debug] [2023-12-12T19:30:35.157Z] > command requires scopes: ["email","openid","https://www.googleapis.com/auth/cloudplatformprojects.readonly","https://www.googleapis.com/auth/firebase","https://www.googleapis.com/auth/cloud-platform"]
[debug] [2023-12-12T19:30:35.158Z] > authorizing via signed-in user (thiagopiola99@gmail.com)
[info] 
     ######## #### ########  ######## ########     ###     ######  ########
     ##        ##  ##     ## ##       ##     ##  ##   ##  ##       ##
     ######    ##  ########  ######   ########  #########  ######  ######
     ##        ##  ##    ##  ##       ##     ## ##     ##       ## ##
     ##       #### ##     ## ######## ########  ##     ##  ######  ########

You're about to initialize a Firebase project in this directory:

  D:\apx\codigo\mod-final\12-css-in-js

[info] 
=== Project Setup
[info] 
[info] First, let's associate this project directory with a Firebase project.
[info] You can create multiple project aliases by running firebase use --add, 
[info] but for now we'll just set up a default project.
[info] 
[debug] [2023-12-12T19:30:40.867Z] >>> [apiv2][query] GET https://firebase.googleapis.com/v1beta1/projects pageSize=100
[debug] [2023-12-12T19:30:41.478Z] <<< [apiv2][status] GET https://firebase.googleapis.com/v1beta1/projects 200
[debug] [2023-12-12T19:30:41.478Z] <<< [apiv2][body] GET https://firebase.googleapis.com/v1beta1/projects [omitted]
[info] i  Using project fir-hosting-test-be924 (firebase-hosting-test) 
[info] 
=== Hosting Setup
[debug] [2023-12-12T19:30:48.431Z] >>> [apiv2][query] GET https://firebase.googleapis.com/v1beta1/projects/fir-hosting-test-be924 [none]
[debug] [2023-12-12T19:30:48.705Z] <<< [apiv2][status] GET https://firebase.googleapis.com/v1beta1/projects/fir-hosting-test-be924 200
[debug] [2023-12-12T19:30:48.705Z] <<< [apiv2][body] GET https://firebase.googleapis.com/v1beta1/projects/fir-hosting-test-be924 {"projectId":"fir-hosting-test-be924","projectNumber":"646668711519","displayName":"firebase-hosting-test","name":"projects/fir-hosting-test-be924","resources":{"hostingSite":"fir-hosting-test-be924"},"state":"ACTIVE","etag":"1_519461ca-8dd8-49a6-ba52-6f7c501262f3"}
[info] 
[info] Your public directory is the folder (relative to your project directory) that
[info] will contain Hosting assets to be uploaded with firebase deploy. If you
[info] have a build process for your assets, use your build's output directory.
[info] 
[debug] [2023-12-12T19:32:45.835Z] >>> [apiv2][query] GET https://www.gstatic.com/firebasejs/releases.json [none]
[debug] [2023-12-12T19:32:45.893Z] <<< [apiv2][status] GET https://www.gstatic.com/firebasejs/releases.json 200
[debug] [2023-12-12T19:32:45.893Z] <<< [apiv2][body] GET https://www.gstatic.com/firebasejs/releases.json {"current":{"version":"10.7.1","browserURL":"https://www.gstatic.com/firebasejs/10.7.1/firebase.js","packageURL":"https://www.gstatic.com/firebasejs/10.7.1/firebase.tgz"},"live":{"version":"10.7","browserURL":"https://www.gstatic.com/firebasejs/live/10.7/firebase.js","packageURL":"https://www.gstatic.com/firebasejs/live/10.7/firebase.tgz"},"components":{"analytics":"https://www.gstatic.com/firebasejs/10.7.1/firebase-analytics.js","app":"https://www.gstatic.com/firebasejs/10.7.1/firebase-app.js","app-check":"https://www.gstatic.com/firebasejs/10.7.1/firebase-app-check.js","auth":"https://www.gstatic.com/firebasejs/10.7.1/firebase-auth.js","auth/cordova":"https://www.gstatic.com/firebasejs/10.7.1/firebase-auth/cordova.js","functions":"https://www.gstatic.com/firebasejs/10.7.1/firebase-functions.js","firestore":"https://www.gstatic.com/firebasejs/10.7.1/firebase-firestore.js","firestore/lite":"https://www.gstatic.com/firebasejs/10.7.1/firebase-firestore/lite.js","installations":"https://www.gstatic.com/firebasejs/10.7.1/firebase-installations.js","storage":"https://www.gstatic.com/firebasejs/10.7.1/firebase-storage.js","performance":"https://www.gstatic.com/firebasejs/10.7.1/firebase-performance.js","remote-config":"https://www.gstatic.com/firebasejs/10.7.1/firebase-remote-config.js","messaging":"https://www.gstatic.com/firebasejs/10.7.1/firebase-messaging.js","messaging/sw":"https://www.gstatic.com/firebasejs/10.7.1/firebase-messaging/sw.js","database":"https://www.gstatic.com/firebasejs/10.7.1/firebase-database.js","firestore.memory":"https://www.gstatic.com/firebasejs/10.7.1/firebase-firestore.memory.js"}}
[info] i  Skipping write of ./index.html 
[info] 
[info] i  Didn't detect a .git folder. Assuming D:\apx\codigo\mod-final\12-css-in-js is the project root. 
[info] i  Authorizing with GitHub to upload your service account to a GitHub repository's secrets store. 
[info] 
[info] Visit this URL on this device to log in:
[info] https://github.com/login/oauth/authorize?client_id=89cf50f02ac6aaed3484&state=783998297&redirect_uri=http%3A%2F%2Flocalhost%3A9005&scope=read%3Auser%20repo%20public_repo
[info] 
[info] Waiting for authentication...
[debug] [2023-12-12T19:33:04.242Z] >>> [apiv2][query] POST https://github.com/login/oauth/access_token [none]
[debug] [2023-12-12T19:33:04.242Z] >>> [apiv2][body] POST https://github.com/login/oauth/access_token [stream]
[debug] [2023-12-12T19:33:04.591Z] <<< [apiv2][status] POST https://github.com/login/oauth/access_token 200
[debug] [2023-12-12T19:33:04.592Z] <<< [apiv2][body] POST https://github.com/login/oauth/access_token {"access_token":"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","token_type":"bearer","scope":"read:user,repo"}
[debug] [2023-12-12T19:33:04.596Z] >>> [apiv2][query] GET https://api.github.com/user [none]
[debug] [2023-12-12T19:33:04.954Z] <<< [apiv2][status] GET https://api.github.com/user 200
[debug] [2023-12-12T19:33:04.954Z] <<< [apiv2][body] GET https://api.github.com/user {"login":"thiagoSalaberry","id":122486681,"node_id":"U_kgDOB0z_mQ","avatar_url":"https://avatars.githubusercontent.com/u/122486681?v=4","gravatar_id":"","url":"https://api.github.com/users/thiagoSalaberry","html_url":"https://github.com/thiagoSalaberry","followers_url":"https://api.github.com/users/thiagoSalaberry/followers","following_url":"https://api.github.com/users/thiagoSalaberry/following{/other_user}","gists_url":"https://api.github.com/users/thiagoSalaberry/gists{/gist_id}","starred_url":"https://api.github.com/users/thiagoSalaberry/starred{/owner}{/repo}","subscriptions_url":"https://api.github.com/users/thiagoSalaberry/subscriptions","organizations_url":"https://api.github.com/users/thiagoSalaberry/orgs","repos_url":"https://api.github.com/users/thiagoSalaberry/repos","events_url":"https://api.github.com/users/thiagoSalaberry/events{/privacy}","received_events_url":"https://api.github.com/users/thiagoSalaberry/received_events","type":"User","site_admin":false,"name":null,"company":null,"blog":"","location":null,"email":null,"hireable":null,"bio":null,"twitter_username":null,"public_repos":24,"public_gists":1,"followers":0,"following":0,"created_at":"2023-01-11T20:25:18Z","updated_at":"2023-11-19T00:48:37Z","private_gists":3,"total_private_repos":2,"owned_private_repos":2,"disk_usage":3131,"collaborators":0,"two_factor_authentication":false,"plan":{"name":"free","space":976562499,"collaborators":0,"private_repos":10000}}
[info] 
[info] +  Success! Logged into GitHub as thiagoSalaberry 
[info] 
